ARM GAS  /var/folders/6_/psd2b8g56p7696hhrr4ztjs00000gn/T//ccTKOM64.s 			page 1


   1              		.cpu cortex-m7
   2              		.arch armv7e-m
   3              		.fpu fpv5-d16
   4              		.eabi_attribute 28, 1
   5              		.eabi_attribute 20, 1
   6              		.eabi_attribute 21, 1
   7              		.eabi_attribute 23, 3
   8              		.eabi_attribute 24, 1
   9              		.eabi_attribute 25, 1
  10              		.eabi_attribute 26, 1
  11              		.eabi_attribute 30, 2
  12              		.eabi_attribute 34, 1
  13              		.eabi_attribute 18, 4
  14              		.file	"arm_rfft_fast_init_f32.c"
  15              		.text
  16              	.Ltext0:
  17              		.cfi_sections	.debug_frame
  18              		.file 1 "../libDaisy/Drivers/CMSIS/DSP/Source/TransformFunctions/arm_rfft_fast_init_f32.c"
  19              		.section	.text.arm_rfft_fast_init_f32,"ax",%progbits
  20              		.align	1
  21              		.p2align 2,,3
  22              		.global	arm_rfft_fast_init_f32
  23              		.syntax unified
  24              		.thumb
  25              		.thumb_func
  27              	arm_rfft_fast_init_f32:
  28              	.LVL0:
  29              	.LFB353:
   1:../libDaisy/Drivers/CMSIS/DSP/Source/TransformFunctions/arm_rfft_fast_init_f32.c **** /* ----------------------------------------------------------------------
   2:../libDaisy/Drivers/CMSIS/DSP/Source/TransformFunctions/arm_rfft_fast_init_f32.c ****  * Project:      CMSIS DSP Library
   3:../libDaisy/Drivers/CMSIS/DSP/Source/TransformFunctions/arm_rfft_fast_init_f32.c ****  * Title:        arm_cfft_init_f32.c
   4:../libDaisy/Drivers/CMSIS/DSP/Source/TransformFunctions/arm_rfft_fast_init_f32.c ****  * Description:  Split Radix Decimation in Frequency CFFT Floating point processing function
   5:../libDaisy/Drivers/CMSIS/DSP/Source/TransformFunctions/arm_rfft_fast_init_f32.c ****  *
   6:../libDaisy/Drivers/CMSIS/DSP/Source/TransformFunctions/arm_rfft_fast_init_f32.c ****  * $Date:        27. January 2017
   7:../libDaisy/Drivers/CMSIS/DSP/Source/TransformFunctions/arm_rfft_fast_init_f32.c ****  * $Revision:    V.1.5.1
   8:../libDaisy/Drivers/CMSIS/DSP/Source/TransformFunctions/arm_rfft_fast_init_f32.c ****  *
   9:../libDaisy/Drivers/CMSIS/DSP/Source/TransformFunctions/arm_rfft_fast_init_f32.c ****  * Target Processor: Cortex-M cores
  10:../libDaisy/Drivers/CMSIS/DSP/Source/TransformFunctions/arm_rfft_fast_init_f32.c ****  * -------------------------------------------------------------------- */
  11:../libDaisy/Drivers/CMSIS/DSP/Source/TransformFunctions/arm_rfft_fast_init_f32.c **** /*
  12:../libDaisy/Drivers/CMSIS/DSP/Source/TransformFunctions/arm_rfft_fast_init_f32.c ****  * Copyright (C) 2010-2017 ARM Limited or its affiliates. All rights reserved.
  13:../libDaisy/Drivers/CMSIS/DSP/Source/TransformFunctions/arm_rfft_fast_init_f32.c ****  *
  14:../libDaisy/Drivers/CMSIS/DSP/Source/TransformFunctions/arm_rfft_fast_init_f32.c ****  * SPDX-License-Identifier: Apache-2.0
  15:../libDaisy/Drivers/CMSIS/DSP/Source/TransformFunctions/arm_rfft_fast_init_f32.c ****  *
  16:../libDaisy/Drivers/CMSIS/DSP/Source/TransformFunctions/arm_rfft_fast_init_f32.c ****  * Licensed under the Apache License, Version 2.0 (the License); you may
  17:../libDaisy/Drivers/CMSIS/DSP/Source/TransformFunctions/arm_rfft_fast_init_f32.c ****  * not use this file except in compliance with the License.
  18:../libDaisy/Drivers/CMSIS/DSP/Source/TransformFunctions/arm_rfft_fast_init_f32.c ****  * You may obtain a copy of the License at
  19:../libDaisy/Drivers/CMSIS/DSP/Source/TransformFunctions/arm_rfft_fast_init_f32.c ****  *
  20:../libDaisy/Drivers/CMSIS/DSP/Source/TransformFunctions/arm_rfft_fast_init_f32.c ****  * www.apache.org/licenses/LICENSE-2.0
  21:../libDaisy/Drivers/CMSIS/DSP/Source/TransformFunctions/arm_rfft_fast_init_f32.c ****  *
  22:../libDaisy/Drivers/CMSIS/DSP/Source/TransformFunctions/arm_rfft_fast_init_f32.c ****  * Unless required by applicable law or agreed to in writing, software
  23:../libDaisy/Drivers/CMSIS/DSP/Source/TransformFunctions/arm_rfft_fast_init_f32.c ****  * distributed under the License is distributed on an AS IS BASIS, WITHOUT
  24:../libDaisy/Drivers/CMSIS/DSP/Source/TransformFunctions/arm_rfft_fast_init_f32.c ****  * WARRANTIES OR CONDITIONS OF ANY KIND, either express or implied.
  25:../libDaisy/Drivers/CMSIS/DSP/Source/TransformFunctions/arm_rfft_fast_init_f32.c ****  * See the License for the specific language governing permissions and
  26:../libDaisy/Drivers/CMSIS/DSP/Source/TransformFunctions/arm_rfft_fast_init_f32.c ****  * limitations under the License.
  27:../libDaisy/Drivers/CMSIS/DSP/Source/TransformFunctions/arm_rfft_fast_init_f32.c ****  */
  28:../libDaisy/Drivers/CMSIS/DSP/Source/TransformFunctions/arm_rfft_fast_init_f32.c **** 
  29:../libDaisy/Drivers/CMSIS/DSP/Source/TransformFunctions/arm_rfft_fast_init_f32.c **** #include "arm_math.h"
ARM GAS  /var/folders/6_/psd2b8g56p7696hhrr4ztjs00000gn/T//ccTKOM64.s 			page 2


  30:../libDaisy/Drivers/CMSIS/DSP/Source/TransformFunctions/arm_rfft_fast_init_f32.c **** #include "arm_common_tables.h"
  31:../libDaisy/Drivers/CMSIS/DSP/Source/TransformFunctions/arm_rfft_fast_init_f32.c **** 
  32:../libDaisy/Drivers/CMSIS/DSP/Source/TransformFunctions/arm_rfft_fast_init_f32.c **** /**
  33:../libDaisy/Drivers/CMSIS/DSP/Source/TransformFunctions/arm_rfft_fast_init_f32.c ****  * @ingroup groupTransforms
  34:../libDaisy/Drivers/CMSIS/DSP/Source/TransformFunctions/arm_rfft_fast_init_f32.c ****  */
  35:../libDaisy/Drivers/CMSIS/DSP/Source/TransformFunctions/arm_rfft_fast_init_f32.c **** 
  36:../libDaisy/Drivers/CMSIS/DSP/Source/TransformFunctions/arm_rfft_fast_init_f32.c **** /**
  37:../libDaisy/Drivers/CMSIS/DSP/Source/TransformFunctions/arm_rfft_fast_init_f32.c ****  * @addtogroup RealFFT
  38:../libDaisy/Drivers/CMSIS/DSP/Source/TransformFunctions/arm_rfft_fast_init_f32.c ****  * @{
  39:../libDaisy/Drivers/CMSIS/DSP/Source/TransformFunctions/arm_rfft_fast_init_f32.c ****  */
  40:../libDaisy/Drivers/CMSIS/DSP/Source/TransformFunctions/arm_rfft_fast_init_f32.c **** 
  41:../libDaisy/Drivers/CMSIS/DSP/Source/TransformFunctions/arm_rfft_fast_init_f32.c **** /**
  42:../libDaisy/Drivers/CMSIS/DSP/Source/TransformFunctions/arm_rfft_fast_init_f32.c **** * @brief  Initialization function for the floating-point real FFT.
  43:../libDaisy/Drivers/CMSIS/DSP/Source/TransformFunctions/arm_rfft_fast_init_f32.c **** * @param[in,out] *S             points to an arm_rfft_fast_instance_f32 structure.
  44:../libDaisy/Drivers/CMSIS/DSP/Source/TransformFunctions/arm_rfft_fast_init_f32.c **** * @param[in]     fftLen         length of the Real Sequence.
  45:../libDaisy/Drivers/CMSIS/DSP/Source/TransformFunctions/arm_rfft_fast_init_f32.c **** * @return        The function returns ARM_MATH_SUCCESS if initialization is successful or ARM_MATH_
  46:../libDaisy/Drivers/CMSIS/DSP/Source/TransformFunctions/arm_rfft_fast_init_f32.c **** *
  47:../libDaisy/Drivers/CMSIS/DSP/Source/TransformFunctions/arm_rfft_fast_init_f32.c **** * \par Description:
  48:../libDaisy/Drivers/CMSIS/DSP/Source/TransformFunctions/arm_rfft_fast_init_f32.c **** * \par
  49:../libDaisy/Drivers/CMSIS/DSP/Source/TransformFunctions/arm_rfft_fast_init_f32.c **** * The parameter <code>fftLen</code>	Specifies length of RFFT/CIFFT process. Supported FFT Lengths a
  50:../libDaisy/Drivers/CMSIS/DSP/Source/TransformFunctions/arm_rfft_fast_init_f32.c **** * \par
  51:../libDaisy/Drivers/CMSIS/DSP/Source/TransformFunctions/arm_rfft_fast_init_f32.c **** * This Function also initializes Twiddle factor table pointer and Bit reversal table pointer.
  52:../libDaisy/Drivers/CMSIS/DSP/Source/TransformFunctions/arm_rfft_fast_init_f32.c **** */
  53:../libDaisy/Drivers/CMSIS/DSP/Source/TransformFunctions/arm_rfft_fast_init_f32.c **** arm_status arm_rfft_fast_init_f32(
  54:../libDaisy/Drivers/CMSIS/DSP/Source/TransformFunctions/arm_rfft_fast_init_f32.c ****   arm_rfft_fast_instance_f32 * S,
  55:../libDaisy/Drivers/CMSIS/DSP/Source/TransformFunctions/arm_rfft_fast_init_f32.c ****   uint16_t fftLen)
  56:../libDaisy/Drivers/CMSIS/DSP/Source/TransformFunctions/arm_rfft_fast_init_f32.c **** {
  30              		.loc 1 56 1 view -0
  31              		.cfi_startproc
  32              		@ args = 0, pretend = 0, frame = 0
  33              		@ frame_needed = 0, uses_anonymous_args = 0
  34              		@ link register save eliminated.
  57:../libDaisy/Drivers/CMSIS/DSP/Source/TransformFunctions/arm_rfft_fast_init_f32.c ****   arm_cfft_instance_f32 * Sint;
  35              		.loc 1 57 3 view .LVU1
  58:../libDaisy/Drivers/CMSIS/DSP/Source/TransformFunctions/arm_rfft_fast_init_f32.c ****   /*  Initialise the default arm status */
  59:../libDaisy/Drivers/CMSIS/DSP/Source/TransformFunctions/arm_rfft_fast_init_f32.c ****   arm_status status = ARM_MATH_SUCCESS;
  36              		.loc 1 59 3 view .LVU2
  60:../libDaisy/Drivers/CMSIS/DSP/Source/TransformFunctions/arm_rfft_fast_init_f32.c ****   /*  Initialise the FFT length */
  61:../libDaisy/Drivers/CMSIS/DSP/Source/TransformFunctions/arm_rfft_fast_init_f32.c ****   Sint = &(S->Sint);
  37              		.loc 1 61 3 view .LVU3
  62:../libDaisy/Drivers/CMSIS/DSP/Source/TransformFunctions/arm_rfft_fast_init_f32.c ****   Sint->fftLen = fftLen/2;
  38              		.loc 1 62 3 view .LVU4
  39              		.loc 1 62 16 is_stmt 0 view .LVU5
  40 0000 4B08     		lsrs	r3, r1, #1
  63:../libDaisy/Drivers/CMSIS/DSP/Source/TransformFunctions/arm_rfft_fast_init_f32.c ****   S->fftLenRFFT = fftLen;
  41              		.loc 1 63 17 view .LVU6
  42 0002 0182     		strh	r1, [r0, #16]	@ movhi
  64:../libDaisy/Drivers/CMSIS/DSP/Source/TransformFunctions/arm_rfft_fast_init_f32.c **** 
  65:../libDaisy/Drivers/CMSIS/DSP/Source/TransformFunctions/arm_rfft_fast_init_f32.c ****   /*  Initializations of structure parameters depending on the FFT length */
  66:../libDaisy/Drivers/CMSIS/DSP/Source/TransformFunctions/arm_rfft_fast_init_f32.c ****   switch (Sint->fftLen)
  43              		.loc 1 66 3 view .LVU7
  44 0004 B3F5806F 		cmp	r3, #1024
  62:../libDaisy/Drivers/CMSIS/DSP/Source/TransformFunctions/arm_rfft_fast_init_f32.c ****   S->fftLenRFFT = fftLen;
  45              		.loc 1 62 16 view .LVU8
  46 0008 0380     		strh	r3, [r0]	@ movhi
  63:../libDaisy/Drivers/CMSIS/DSP/Source/TransformFunctions/arm_rfft_fast_init_f32.c ****   S->fftLenRFFT = fftLen;
  47              		.loc 1 63 3 is_stmt 1 view .LVU9
ARM GAS  /var/folders/6_/psd2b8g56p7696hhrr4ztjs00000gn/T//ccTKOM64.s 			page 3


  48              		.loc 1 66 3 view .LVU10
  49 000a 11D0     		beq	.L2
  50 000c B3F5006F 		cmp	r3, #2048
  51 0010 0BD1     		bne	.L5
  67:../libDaisy/Drivers/CMSIS/DSP/Source/TransformFunctions/arm_rfft_fast_init_f32.c ****   {
  68:../libDaisy/Drivers/CMSIS/DSP/Source/TransformFunctions/arm_rfft_fast_init_f32.c ****   case 2048u:
  69:../libDaisy/Drivers/CMSIS/DSP/Source/TransformFunctions/arm_rfft_fast_init_f32.c ****     /*  Initializations of structure parameters for 2048 point FFT */
  70:../libDaisy/Drivers/CMSIS/DSP/Source/TransformFunctions/arm_rfft_fast_init_f32.c ****     /*  Initialise the bit reversal table length */
  71:../libDaisy/Drivers/CMSIS/DSP/Source/TransformFunctions/arm_rfft_fast_init_f32.c ****     Sint->bitRevLength = ARMBITREVINDEXTABLE_2048_TABLE_LENGTH;
  52              		.loc 1 71 5 view .LVU11
  53              		.loc 1 71 24 is_stmt 0 view .LVU12
  54 0012 4FF46E6C 		mov	ip, #3808
  72:../libDaisy/Drivers/CMSIS/DSP/Source/TransformFunctions/arm_rfft_fast_init_f32.c ****     /*  Initialise the bit reversal table pointer */
  73:../libDaisy/Drivers/CMSIS/DSP/Source/TransformFunctions/arm_rfft_fast_init_f32.c ****     Sint->pBitRevTable = (uint16_t *)armBitRevIndexTable2048;
  55              		.loc 1 73 24 view .LVU13
  56 0016 0C49     		ldr	r1, .L7
  57              	.LVL1:
  74:../libDaisy/Drivers/CMSIS/DSP/Source/TransformFunctions/arm_rfft_fast_init_f32.c ****     /*  Initialise the Twiddle coefficient pointers */
  75:../libDaisy/Drivers/CMSIS/DSP/Source/TransformFunctions/arm_rfft_fast_init_f32.c **** 		Sint->pTwiddle     = (float32_t *) twiddleCoef_2048;
  58              		.loc 1 75 22 view .LVU14
  59 0018 0C4A     		ldr	r2, .L7+4
  76:../libDaisy/Drivers/CMSIS/DSP/Source/TransformFunctions/arm_rfft_fast_init_f32.c **** 		S->pTwiddleRFFT    = (float32_t *) twiddleCoef_rfft_4096;
  60              		.loc 1 76 22 view .LVU15
  61 001a 0D4B     		ldr	r3, .L7+8
  71:../libDaisy/Drivers/CMSIS/DSP/Source/TransformFunctions/arm_rfft_fast_init_f32.c ****     /*  Initialise the bit reversal table pointer */
  62              		.loc 1 71 24 view .LVU16
  63 001c A0F80CC0 		strh	ip, [r0, #12]	@ movhi
  73:../libDaisy/Drivers/CMSIS/DSP/Source/TransformFunctions/arm_rfft_fast_init_f32.c ****     /*  Initialise the Twiddle coefficient pointers */
  64              		.loc 1 73 5 is_stmt 1 view .LVU17
  65              		.loc 1 76 22 is_stmt 0 view .LVU18
  66 0020 4361     		str	r3, [r0, #20]
  75:../libDaisy/Drivers/CMSIS/DSP/Source/TransformFunctions/arm_rfft_fast_init_f32.c **** 		S->pTwiddleRFFT    = (float32_t *) twiddleCoef_rfft_4096;
  67              		.loc 1 75 22 view .LVU19
  68 0022 C0E90121 		strd	r2, r1, [r0, #4]
  69              		.loc 1 76 3 is_stmt 1 view .LVU20
  77:../libDaisy/Drivers/CMSIS/DSP/Source/TransformFunctions/arm_rfft_fast_init_f32.c ****     break;
  70              		.loc 1 77 5 view .LVU21
  59:../libDaisy/Drivers/CMSIS/DSP/Source/TransformFunctions/arm_rfft_fast_init_f32.c ****   /*  Initialise the FFT length */
  71              		.loc 1 59 14 is_stmt 0 view .LVU22
  72 0026 0020     		movs	r0, #0
  73              	.LVL2:
  59:../libDaisy/Drivers/CMSIS/DSP/Source/TransformFunctions/arm_rfft_fast_init_f32.c ****   /*  Initialise the FFT length */
  74              		.loc 1 59 14 view .LVU23
  75 0028 7047     		bx	lr
  76              	.LVL3:
  77              	.L5:
  66:../libDaisy/Drivers/CMSIS/DSP/Source/TransformFunctions/arm_rfft_fast_init_f32.c ****   {
  78              		.loc 1 66 3 view .LVU24
  79 002a 4FF0FF30 		mov	r0, #-1
  80              	.LVL4:
  78:../libDaisy/Drivers/CMSIS/DSP/Source/TransformFunctions/arm_rfft_fast_init_f32.c ****   case 1024u:
  79:../libDaisy/Drivers/CMSIS/DSP/Source/TransformFunctions/arm_rfft_fast_init_f32.c ****     Sint->bitRevLength = ARMBITREVINDEXTABLE_1024_TABLE_LENGTH;
  80:../libDaisy/Drivers/CMSIS/DSP/Source/TransformFunctions/arm_rfft_fast_init_f32.c ****     Sint->pBitRevTable = (uint16_t *)armBitRevIndexTable1024;
  81:../libDaisy/Drivers/CMSIS/DSP/Source/TransformFunctions/arm_rfft_fast_init_f32.c **** 		Sint->pTwiddle     = (float32_t *) twiddleCoef_1024;
  82:../libDaisy/Drivers/CMSIS/DSP/Source/TransformFunctions/arm_rfft_fast_init_f32.c **** 		S->pTwiddleRFFT    = (float32_t *) twiddleCoef_rfft_2048;
  83:../libDaisy/Drivers/CMSIS/DSP/Source/TransformFunctions/arm_rfft_fast_init_f32.c ****     break;
  84:../libDaisy/Drivers/CMSIS/DSP/Source/TransformFunctions/arm_rfft_fast_init_f32.c **** //  case 512u:
ARM GAS  /var/folders/6_/psd2b8g56p7696hhrr4ztjs00000gn/T//ccTKOM64.s 			page 4


  85:../libDaisy/Drivers/CMSIS/DSP/Source/TransformFunctions/arm_rfft_fast_init_f32.c **** //    Sint->bitRevLength = ARMBITREVINDEXTABLE_512_TABLE_LENGTH;
  86:../libDaisy/Drivers/CMSIS/DSP/Source/TransformFunctions/arm_rfft_fast_init_f32.c **** //    Sint->pBitRevTable = (uint16_t *)armBitRevIndexTable512;
  87:../libDaisy/Drivers/CMSIS/DSP/Source/TransformFunctions/arm_rfft_fast_init_f32.c **** //		Sint->pTwiddle     = (float32_t *) twiddleCoef_512;
  88:../libDaisy/Drivers/CMSIS/DSP/Source/TransformFunctions/arm_rfft_fast_init_f32.c **** //		S->pTwiddleRFFT    = (float32_t *) twiddleCoef_rfft_1024;
  89:../libDaisy/Drivers/CMSIS/DSP/Source/TransformFunctions/arm_rfft_fast_init_f32.c **** //    break;
  90:../libDaisy/Drivers/CMSIS/DSP/Source/TransformFunctions/arm_rfft_fast_init_f32.c **** //  case 256u:
  91:../libDaisy/Drivers/CMSIS/DSP/Source/TransformFunctions/arm_rfft_fast_init_f32.c **** //    Sint->bitRevLength = ARMBITREVINDEXTABLE_256_TABLE_LENGTH;
  92:../libDaisy/Drivers/CMSIS/DSP/Source/TransformFunctions/arm_rfft_fast_init_f32.c **** //    Sint->pBitRevTable = (uint16_t *)armBitRevIndexTable256;
  93:../libDaisy/Drivers/CMSIS/DSP/Source/TransformFunctions/arm_rfft_fast_init_f32.c **** //		Sint->pTwiddle     = (float32_t *) twiddleCoef_256;
  94:../libDaisy/Drivers/CMSIS/DSP/Source/TransformFunctions/arm_rfft_fast_init_f32.c **** //		S->pTwiddleRFFT    = (float32_t *) twiddleCoef_rfft_512;
  95:../libDaisy/Drivers/CMSIS/DSP/Source/TransformFunctions/arm_rfft_fast_init_f32.c **** //    break;
  96:../libDaisy/Drivers/CMSIS/DSP/Source/TransformFunctions/arm_rfft_fast_init_f32.c **** //  case 128u:
  97:../libDaisy/Drivers/CMSIS/DSP/Source/TransformFunctions/arm_rfft_fast_init_f32.c **** //    Sint->bitRevLength = ARMBITREVINDEXTABLE_128_TABLE_LENGTH;
  98:../libDaisy/Drivers/CMSIS/DSP/Source/TransformFunctions/arm_rfft_fast_init_f32.c **** //    Sint->pBitRevTable = (uint16_t *)armBitRevIndexTable128;
  99:../libDaisy/Drivers/CMSIS/DSP/Source/TransformFunctions/arm_rfft_fast_init_f32.c **** //		Sint->pTwiddle     = (float32_t *) twiddleCoef_128;
 100:../libDaisy/Drivers/CMSIS/DSP/Source/TransformFunctions/arm_rfft_fast_init_f32.c **** //		S->pTwiddleRFFT    = (float32_t *) twiddleCoef_rfft_256;
 101:../libDaisy/Drivers/CMSIS/DSP/Source/TransformFunctions/arm_rfft_fast_init_f32.c **** //    break;
 102:../libDaisy/Drivers/CMSIS/DSP/Source/TransformFunctions/arm_rfft_fast_init_f32.c **** //  case 64u:
 103:../libDaisy/Drivers/CMSIS/DSP/Source/TransformFunctions/arm_rfft_fast_init_f32.c **** //    Sint->bitRevLength = ARMBITREVINDEXTABLE_64_TABLE_LENGTH;
 104:../libDaisy/Drivers/CMSIS/DSP/Source/TransformFunctions/arm_rfft_fast_init_f32.c **** //    Sint->pBitRevTable = (uint16_t *)armBitRevIndexTable64;
 105:../libDaisy/Drivers/CMSIS/DSP/Source/TransformFunctions/arm_rfft_fast_init_f32.c **** //		Sint->pTwiddle     = (float32_t *) twiddleCoef_64;
 106:../libDaisy/Drivers/CMSIS/DSP/Source/TransformFunctions/arm_rfft_fast_init_f32.c **** //		S->pTwiddleRFFT    = (float32_t *) twiddleCoef_rfft_128;
 107:../libDaisy/Drivers/CMSIS/DSP/Source/TransformFunctions/arm_rfft_fast_init_f32.c **** //    break;
 108:../libDaisy/Drivers/CMSIS/DSP/Source/TransformFunctions/arm_rfft_fast_init_f32.c **** //  case 32u:
 109:../libDaisy/Drivers/CMSIS/DSP/Source/TransformFunctions/arm_rfft_fast_init_f32.c **** //    Sint->bitRevLength = ARMBITREVINDEXTABLE_32_TABLE_LENGTH;
 110:../libDaisy/Drivers/CMSIS/DSP/Source/TransformFunctions/arm_rfft_fast_init_f32.c **** //    Sint->pBitRevTable = (uint16_t *)armBitRevIndexTable32;
 111:../libDaisy/Drivers/CMSIS/DSP/Source/TransformFunctions/arm_rfft_fast_init_f32.c **** //		Sint->pTwiddle     = (float32_t *) twiddleCoef_32;
 112:../libDaisy/Drivers/CMSIS/DSP/Source/TransformFunctions/arm_rfft_fast_init_f32.c **** //		S->pTwiddleRFFT    = (float32_t *) twiddleCoef_rfft_64;
 113:../libDaisy/Drivers/CMSIS/DSP/Source/TransformFunctions/arm_rfft_fast_init_f32.c **** //    break;
 114:../libDaisy/Drivers/CMSIS/DSP/Source/TransformFunctions/arm_rfft_fast_init_f32.c **** //  case 16u:
 115:../libDaisy/Drivers/CMSIS/DSP/Source/TransformFunctions/arm_rfft_fast_init_f32.c **** //    Sint->bitRevLength = ARMBITREVINDEXTABLE_16_TABLE_LENGTH;
 116:../libDaisy/Drivers/CMSIS/DSP/Source/TransformFunctions/arm_rfft_fast_init_f32.c **** //    Sint->pBitRevTable = (uint16_t *)armBitRevIndexTable16;
 117:../libDaisy/Drivers/CMSIS/DSP/Source/TransformFunctions/arm_rfft_fast_init_f32.c **** //		Sint->pTwiddle     = (float32_t *) twiddleCoef_16;
 118:../libDaisy/Drivers/CMSIS/DSP/Source/TransformFunctions/arm_rfft_fast_init_f32.c **** //		S->pTwiddleRFFT    = (float32_t *) twiddleCoef_rfft_32;
 119:../libDaisy/Drivers/CMSIS/DSP/Source/TransformFunctions/arm_rfft_fast_init_f32.c **** //    break;
 120:../libDaisy/Drivers/CMSIS/DSP/Source/TransformFunctions/arm_rfft_fast_init_f32.c ****   default:
 121:../libDaisy/Drivers/CMSIS/DSP/Source/TransformFunctions/arm_rfft_fast_init_f32.c ****     /*  Reporting argument error if fftSize is not valid value */
 122:../libDaisy/Drivers/CMSIS/DSP/Source/TransformFunctions/arm_rfft_fast_init_f32.c ****     status = ARM_MATH_ARGUMENT_ERROR;
 123:../libDaisy/Drivers/CMSIS/DSP/Source/TransformFunctions/arm_rfft_fast_init_f32.c ****     break;
 124:../libDaisy/Drivers/CMSIS/DSP/Source/TransformFunctions/arm_rfft_fast_init_f32.c ****   }
 125:../libDaisy/Drivers/CMSIS/DSP/Source/TransformFunctions/arm_rfft_fast_init_f32.c **** 
 126:../libDaisy/Drivers/CMSIS/DSP/Source/TransformFunctions/arm_rfft_fast_init_f32.c ****   return (status);
  81              		.loc 1 126 3 is_stmt 1 view .LVU25
 127:../libDaisy/Drivers/CMSIS/DSP/Source/TransformFunctions/arm_rfft_fast_init_f32.c **** }
  82              		.loc 1 127 1 is_stmt 0 view .LVU26
  83 002e 7047     		bx	lr
  84              	.LVL5:
  85              	.L2:
  79:../libDaisy/Drivers/CMSIS/DSP/Source/TransformFunctions/arm_rfft_fast_init_f32.c ****     Sint->pBitRevTable = (uint16_t *)armBitRevIndexTable1024;
  86              		.loc 1 79 5 is_stmt 1 view .LVU27
  79:../libDaisy/Drivers/CMSIS/DSP/Source/TransformFunctions/arm_rfft_fast_init_f32.c ****     Sint->pBitRevTable = (uint16_t *)armBitRevIndexTable1024;
  87              		.loc 1 79 24 is_stmt 0 view .LVU28
  88 0030 4FF4E16C 		mov	ip, #1800
  80:../libDaisy/Drivers/CMSIS/DSP/Source/TransformFunctions/arm_rfft_fast_init_f32.c **** 		Sint->pTwiddle     = (float32_t *) twiddleCoef_1024;
  89              		.loc 1 80 24 view .LVU29
  90 0034 0749     		ldr	r1, .L7+12
  91              	.LVL6:
ARM GAS  /var/folders/6_/psd2b8g56p7696hhrr4ztjs00000gn/T//ccTKOM64.s 			page 5


  81:../libDaisy/Drivers/CMSIS/DSP/Source/TransformFunctions/arm_rfft_fast_init_f32.c **** 		S->pTwiddleRFFT    = (float32_t *) twiddleCoef_rfft_2048;
  92              		.loc 1 81 22 view .LVU30
  93 0036 084A     		ldr	r2, .L7+16
  82:../libDaisy/Drivers/CMSIS/DSP/Source/TransformFunctions/arm_rfft_fast_init_f32.c ****     break;
  94              		.loc 1 82 22 view .LVU31
  95 0038 084B     		ldr	r3, .L7+20
  79:../libDaisy/Drivers/CMSIS/DSP/Source/TransformFunctions/arm_rfft_fast_init_f32.c ****     Sint->pBitRevTable = (uint16_t *)armBitRevIndexTable1024;
  96              		.loc 1 79 24 view .LVU32
  97 003a A0F80CC0 		strh	ip, [r0, #12]	@ movhi
  80:../libDaisy/Drivers/CMSIS/DSP/Source/TransformFunctions/arm_rfft_fast_init_f32.c **** 		Sint->pTwiddle     = (float32_t *) twiddleCoef_1024;
  98              		.loc 1 80 5 is_stmt 1 view .LVU33
  82:../libDaisy/Drivers/CMSIS/DSP/Source/TransformFunctions/arm_rfft_fast_init_f32.c ****     break;
  99              		.loc 1 82 22 is_stmt 0 view .LVU34
 100 003e 4361     		str	r3, [r0, #20]
  81:../libDaisy/Drivers/CMSIS/DSP/Source/TransformFunctions/arm_rfft_fast_init_f32.c **** 		S->pTwiddleRFFT    = (float32_t *) twiddleCoef_rfft_2048;
 101              		.loc 1 81 22 view .LVU35
 102 0040 C0E90121 		strd	r2, r1, [r0, #4]
  82:../libDaisy/Drivers/CMSIS/DSP/Source/TransformFunctions/arm_rfft_fast_init_f32.c ****     break;
 103              		.loc 1 82 3 is_stmt 1 view .LVU36
  83:../libDaisy/Drivers/CMSIS/DSP/Source/TransformFunctions/arm_rfft_fast_init_f32.c **** //  case 512u:
 104              		.loc 1 83 5 view .LVU37
  59:../libDaisy/Drivers/CMSIS/DSP/Source/TransformFunctions/arm_rfft_fast_init_f32.c ****   /*  Initialise the FFT length */
 105              		.loc 1 59 14 is_stmt 0 view .LVU38
 106 0044 0020     		movs	r0, #0
 107              	.LVL7:
  59:../libDaisy/Drivers/CMSIS/DSP/Source/TransformFunctions/arm_rfft_fast_init_f32.c ****   /*  Initialise the FFT length */
 108              		.loc 1 59 14 view .LVU39
 109 0046 7047     		bx	lr
 110              	.L8:
 111              		.align	2
 112              	.L7:
 113 0048 00000000 		.word	armBitRevIndexTable2048
 114 004c 00000000 		.word	twiddleCoef_2048
 115 0050 00000000 		.word	twiddleCoef_rfft_4096
 116 0054 00000000 		.word	armBitRevIndexTable1024
 117 0058 00000000 		.word	twiddleCoef_1024
 118 005c 00000000 		.word	twiddleCoef_rfft_2048
 119              		.cfi_endproc
 120              	.LFE353:
 122              		.text
 123              	.Letext0:
 124              		.file 2 "/Applications/ArmGNUToolchain/15.2.rel1/arm-none-eabi/arm-none-eabi/include/machine/_defa
 125              		.file 3 "/Applications/ArmGNUToolchain/15.2.rel1/arm-none-eabi/arm-none-eabi/include/sys/_stdint.h
 126              		.file 4 "../libDaisy/Drivers/CMSIS/DSP/Include/arm_math.h"
 127              		.file 5 "../libDaisy/Drivers/CMSIS/DSP/Include/arm_common_tables.h"
ARM GAS  /var/folders/6_/psd2b8g56p7696hhrr4ztjs00000gn/T//ccTKOM64.s 			page 6


DEFINED SYMBOLS
                            *ABS*:00000000 arm_rfft_fast_init_f32.c
/var/folders/6_/psd2b8g56p7696hhrr4ztjs00000gn/T//ccTKOM64.s:20     .text.arm_rfft_fast_init_f32:00000000 $t
/var/folders/6_/psd2b8g56p7696hhrr4ztjs00000gn/T//ccTKOM64.s:27     .text.arm_rfft_fast_init_f32:00000000 arm_rfft_fast_init_f32
/var/folders/6_/psd2b8g56p7696hhrr4ztjs00000gn/T//ccTKOM64.s:113    .text.arm_rfft_fast_init_f32:00000048 $d

UNDEFINED SYMBOLS
armBitRevIndexTable2048
twiddleCoef_2048
twiddleCoef_rfft_4096
armBitRevIndexTable1024
twiddleCoef_1024
twiddleCoef_rfft_2048
